# JRE version: OpenJDK Runtime Environment (23.0+37) (build 23+37-2369)
# Java VM: OpenJDK 64-Bit Server VM (23+37-2369, mixed mode, sharing, tiered, compressed oops, compressed class ptrs, g1 gc, windows-amd64)
GC Precious Log:
 CardTable entry size: 512
 Card Set container configuration: InlinePtr #cards 5 size 8 Array Of Cards #cards 10 size 36 Howl #buckets 4 coarsen threshold 1843 Howl Bitmap #cards 512 size 80 coarsen threshold 460 Card regions per heap region 1 cards per card region 2048
 CPUs: 8 total, 8 available
 Memory: 7957M
 Large Page Support: Disabled
 NUMA Support: Disabled
 Compressed Oops: Enabled (32-bit)
 Heap Region Size: 1M
 Heap Min Capacity: 256M
 Heap Initial Capacity: 256M
 Heap Max Capacity: 512M
 Pre-touch: Disabled
 Parallel Workers: 8
 Concurrent Workers: 2
 Concurrent Refinement Workers: 8
 Periodic GC: Disabled
Heap:
 garbage-first heap   total reserved 524288K, committed 262144K, used 190531K [0x00000000e0000000, 0x0000000100000000)
  region size 1024K, 136 young (139264K), 0 survivors (0K)
 Metaspace       used 63932K, committed 65984K, reserved 393216K
  class space    used 9381K, committed 10368K, reserved 327680K
GC Heap History (20 events):
Event: 41.062 GC heap before
{Heap before GC invocations=11 (full 0):
 garbage-first heap   total reserved 524288K, committed 262144K, used 175139K [0x00000000e0000000, 0x0000000100000000)
  region size 1024K, 150 young (153600K), 18 survivors (18432K)
 Metaspace       used 58214K, committed 60160K, reserved 393216K
  class space    used 8591K, committed 9536K, reserved 327680K
}
Event: 41.136 GC heap after
{Heap after GC invocations=12 (full 0):
 garbage-first heap   total reserved 524288K, committed 262144K, used 50414K [0x00000000e0000000, 0x0000000100000000)
  region size 1024K, 19 young (19456K), 19 survivors (19456K)
 Metaspace       used 58214K, committed 60160K, reserved 393216K
  class space    used 8591K, committed 9536K, reserved 327680K
}
Event: 76.752 GC heap before
{Heap before GC invocations=12 (full 0):
 garbage-first heap   total reserved 524288K, committed 262144K, used 130286K [0x00000000e0000000, 0x0000000100000000)
  region size 1024K, 98 young (100352K), 19 survivors (19456K)
 Metaspace       used 59410K, committed 61376K, reserved 393216K
  class space    used 8655K, committed 9600K, reserved 327680K
}
Event: 76.900 GC heap after
{Heap after GC invocations=13 (full 0):
 garbage-first heap   total reserved 524288K, committed 262144K, used 57090K [0x00000000e0000000, 0x0000000100000000)
  region size 1024K, 8 young (8192K), 8 survivors (8192K)
 Metaspace       used 59410K, committed 61376K, reserved 393216K
  class space    used 8655K, committed 9600K, reserved 327680K
}
Event: 115.728 GC heap before
{Heap before GC invocations=14 (full 0):
 garbage-first heap   total reserved 524288K, committed 262144K, used 140034K [0x00000000e0000000, 0x0000000100000000)
  region size 1024K, 90 young (92160K), 8 survivors (8192K)
 Metaspace       used 61716K, committed 63808K, reserved 393216K
  class space    used 9046K, committed 10048K, reserved 327680K
}
Event: 115.861 GC heap after
{Heap after GC invocations=15 (full 1):
 garbage-first heap   total reserved 524288K, committed 262144K, used 53318K [0x00000000e0000000, 0x0000000100000000)
  region size 1024K, 0 young (0K), 0 survivors (0K)
 Metaspace       used 61716K, committed 63808K, reserved 393216K
  class space    used 9046K, committed 10048K, reserved 327680K
}
Event: 115.885 GC heap before
{Heap before GC invocations=15 (full 1):
 garbage-first heap   total reserved 524288K, committed 262144K, used 54342K [0x00000000e0000000, 0x0000000100000000)
  region size 1024K, 2 young (2048K), 0 survivors (0K)
 Metaspace       used 61716K, committed 63808K, reserved 393216K
  class space    used 9046K, committed 10048K, reserved 327680K
}
Event: 115.942 GC heap after
{Heap after GC invocations=16 (full 2):
 garbage-first heap   total reserved 524288K, committed 262144K, used 53316K [0x00000000e0000000, 0x0000000100000000)
  region size 1024K, 0 young (0K), 0 survivors (0K)
 Metaspace       used 61716K, committed 63808K, reserved 393216K
  class space    used 9046K, committed 10048K, reserved 327680K
}
Event: 115.961 GC heap before
{Heap before GC invocations=16 (full 2):
 garbage-first heap   total reserved 524288K, committed 262144K, used 53316K [0x00000000e0000000, 0x0000000100000000)
  region size 1024K, 1 young (1024K), 0 survivors (0K)
 Metaspace       used 61716K, committed 63808K, reserved 393216K
  class space    used 9046K, committed 10048K, reserved 327680K
}
Event: 116.011 GC heap after
{Heap after GC invocations=17 (full 3):
 garbage-first heap   total reserved 524288K, committed 262144K, used 53316K [0x00000000e0000000, 0x0000000100000000)
  region size 1024K, 0 young (0K), 0 survivors (0K)
 Metaspace       used 61716K, committed 63808K, reserved 393216K
  class space    used 9046K, committed 10048K, reserved 327680K
}
Event: 116.024 GC heap before
{Heap before GC invocations=17 (full 3):
 garbage-first heap   total reserved 524288K, committed 262144K, used 53316K [0x00000000e0000000, 0x0000000100000000)
  region size 1024K, 1 young (1024K), 0 survivors (0K)
 Metaspace       used 61716K, committed 63808K, reserved 393216K
  class space    used 9046K, committed 10048K, reserved 327680K
}
Event: 116.092 GC heap after
{Heap after GC invocations=18 (full 4):
 garbage-first heap   total reserved 524288K, committed 262144K, used 53317K [0x00000000e0000000, 0x0000000100000000)
  region size 1024K, 0 young (0K), 0 survivors (0K)
 Metaspace       used 61716K, committed 63808K, reserved 393216K
  class space    used 9046K, committed 10048K, reserved 327680K
}
Event: 116.183 GC heap before
{Heap before GC invocations=18 (full 4):
 garbage-first heap   total reserved 524288K, committed 262144K, used 53317K [0x00000000e0000000, 0x0000000100000000)
  region size 1024K, 1 young (1024K), 0 survivors (0K)
 Metaspace       used 61716K, committed 63808K, reserved 393216K
  class space    used 9046K, committed 10048K, reserved 327680K
}
Event: 116.232 GC heap after
{Heap after GC invocations=19 (full 5):
 garbage-first heap   total reserved 524288K, committed 262144K, used 53317K [0x00000000e0000000, 0x0000000100000000)
  region size 1024K, 0 young (0K), 0 survivors (0K)
 Metaspace       used 61716K, committed 63808K, reserved 393216K
  class space    used 9046K, committed 10048K, reserved 327680K
}
Event: 116.259 GC heap before
{Heap before GC invocations=19 (full 5):
 garbage-first heap   total reserved 524288K, committed 262144K, used 53317K [0x00000000e0000000, 0x0000000100000000)
  region size 1024K, 1 young (1024K), 0 survivors (0K)
 Metaspace       used 61716K, committed 63808K, reserved 393216K
  class space    used 9046K, committed 10048K, reserved 327680K
}
Event: 116.310 GC heap after
{Heap after GC invocations=20 (full 6):
 garbage-first heap   total reserved 524288K, committed 262144K, used 53317K [0x00000000e0000000, 0x0000000100000000)
  region size 1024K, 0 young (0K), 0 survivors (0K)
 Metaspace       used 61716K, committed 63808K, reserved 393216K
  class space    used 9046K, committed 10048K, reserved 327680K
}
Event: 116.342 GC heap before
{Heap before GC invocations=20 (full 6):
 garbage-first heap   total reserved 524288K, committed 262144K, used 53317K [0x00000000e0000000, 0x0000000100000000)
  region size 1024K, 1 young (1024K), 0 survivors (0K)
 Metaspace       used 61716K, committed 63808K, reserved 393216K
  class space    used 9046K, committed 10048K, reserved 327680K
}
Event: 116.397 GC heap after
{Heap after GC invocations=21 (full 7):
 garbage-first heap   total reserved 524288K, committed 262144K, used 53315K [0x00000000e0000000, 0x0000000100000000)
  region size 1024K, 0 young (0K), 0 survivors (0K)
 Metaspace       used 61716K, committed 63808K, reserved 393216K
  class space    used 9046K, committed 10048K, reserved 327680K
}
Event: 116.411 GC heap before
{Heap before GC invocations=21 (full 7):
 garbage-first heap   total reserved 524288K, committed 262144K, used 53315K [0x00000000e0000000, 0x0000000100000000)
  region size 1024K, 1 young (1024K), 0 survivors (0K)
 Metaspace       used 61716K, committed 63808K, reserved 393216K
  class space    used 9046K, committed 10048K, reserved 327680K
}
Event: 116.463 GC heap after
{Heap after GC invocations=22 (full 8):
 garbage-first heap   total reserved 524288K, committed 262144K, used 53315K [0x00000000e0000000, 0x0000000100000000)
  region size 1024K, 0 young (0K), 0 survivors (0K)
 Metaspace       used 61716K, committed 63808K, reserved 393216K
  class space    used 9046K, committed 10048K, reserved 327680K
}

